2018-07-09 22:51:27,767=====+++++INFO++*****++ * Restarting with stat
2018-07-09 22:51:28,079=====+++++WARNING++*****++ * Debugger is active!
2018-07-09 22:51:28,088=====+++++INFO++*****++ * Debugger PIN: 159-674-044
2018-07-09 22:51:28,105=====+++++WARNING++*****++ * Debugger is active!
2018-07-09 22:51:28,115=====+++++INFO++*****++ * Debugger PIN: 159-674-044
2018-07-09 22:51:28,118=====+++++INFO++*****++ * Running on http://192.168.16.220:5000/ (Press CTRL+C to quit)
2018-07-09 22:51:28,124=====+++++INFO++*****++ * Running on http://192.168.16.220:5000/ (Press CTRL+C to quit)
2018-07-09 22:51:28,789=====+++++WARNING++*****++ * Debugger is active!
2018-07-09 22:51:28,796=====+++++INFO++*****++ * Debugger PIN: 159-674-044
2018-07-09 22:51:28,799=====+++++INFO++*****++ * Running on http://192.168.16.220:5000/ (Press CTRL+C to quit)
2018-07-09 22:52:57,394=====+++++INFO++*****++ * Restarting with stat
2018-07-09 22:52:58,365=====+++++WARNING++*****++ * Debugger is active!
2018-07-09 22:52:58,371=====+++++INFO++*****++ * Debugger PIN: 159-674-044
2018-07-09 22:52:58,375=====+++++INFO++*****++ * Running on http://192.168.16.220:5000/ (Press CTRL+C to quit)
2018-07-09 22:55:03,500=====+++++INFO++*****++192.168.16.220 - - [09/Jul/2018 22:55:03] "GET / HTTP/1.1" 200 -
2018-07-09 22:55:04,138=====+++++INFO++*****++192.168.16.220 - - [09/Jul/2018 22:55:04] "GET /static/images/login-img.png HTTP/1.1" 200 -
2018-07-09 22:55:04,138=====+++++INFO++*****++192.168.16.220 - - [09/Jul/2018 22:55:04] "GET /static/images/login_logo.png HTTP/1.1" 200 -
2018-07-09 22:55:04,141=====+++++INFO++*****++192.168.16.220 - - [09/Jul/2018 22:55:04] "GET /static/css/login.css HTTP/1.1" 200 -
2018-07-09 22:55:31,167=====+++++INFO++*****++192.168.16.220 - - [09/Jul/2018 22:55:31] "POST / HTTP/1.1" 302 -
2018-07-09 22:55:31,177=====+++++INFO++*****++192.168.16.220 - - [09/Jul/2018 22:55:31] "GET /upload HTTP/1.1" 200 -
2018-07-09 22:55:31,193=====+++++INFO++*****++192.168.16.220 - - [09/Jul/2018 22:55:31] "GET /static/css/upload.css HTTP/1.1" 200 -
2018-07-09 22:55:31,198=====+++++INFO++*****++192.168.16.220 - - [09/Jul/2018 22:55:31] "GET /static/images/up.png HTTP/1.1" 200 -
2018-07-09 22:55:55,648=====+++++INFO++*****++192.168.16.220 - - [09/Jul/2018 22:55:55] "POST /upload HTTP/1.1" 200 -
2018-07-09 22:56:31,460=====+++++INFO++*****++192.168.16.220 - - [09/Jul/2018 22:56:31] "POST /upload HTTP/1.1" 200 -
2018-07-09 23:07:03,030=====+++++INFO++*****++this is a info_log
2018-07-09 23:07:03,049=====+++++INFO++*****++192.168.16.220 - - [09/Jul/2018 23:07:03] "POST /upload HTTP/1.1" 200 -
2018-07-09 23:07:03,062=====+++++INFO++*****++192.168.16.220 - - [09/Jul/2018 23:07:03] "GET /static/css/base.css HTTP/1.1" 200 -
2018-07-09 23:07:31,112=====+++++INFO++*****++192.168.16.220 - - [09/Jul/2018 23:07:31] "GET /static/images/pkq.png HTTP/1.1" 200 -
2018-07-09 23:07:39,947=====+++++INFO++*****++192.168.16.220 - - [09/Jul/2018 23:07:39] "GET /upload HTTP/1.1" 200 -
2018-07-09 23:08:18,438=====+++++INFO++*****++this is a info_log
2018-07-09 23:08:18,443=====+++++INFO++*****++192.168.16.220 - - [09/Jul/2018 23:08:18] "POST /upload HTTP/1.1" 200 -
2018-07-09 23:08:32,726=====+++++INFO++*****++192.168.16.220 - - [09/Jul/2018 23:08:32] "GET / HTTP/1.1" 200 -
2018-07-09 23:08:38,845=====+++++INFO++*****++192.168.16.220 - - [09/Jul/2018 23:08:38] "GET /upload HTTP/1.1" 200 -
2018-07-09 23:09:01,278=====+++++INFO++*****++this is a info_log
2018-07-09 23:09:01,280=====+++++INFO++*****++192.168.16.220 - - [09/Jul/2018 23:09:01] "POST /upload HTTP/1.1" 200 -
2018-07-09 23:29:41,118=====+++++INFO++*****++192.168.16.220 - - [09/Jul/2018 23:29:41] "GET /upload HTTP/1.1" 200 -
2018-07-10 14:43:51,713=====+++++INFO++*****++ * Restarting with stat
2018-07-10 14:43:52,938=====+++++WARNING++*****++ * Debugger is active!
2018-07-10 14:43:52,947=====+++++INFO++*****++ * Debugger PIN: 159-674-044
2018-07-10 14:43:52,951=====+++++INFO++*****++ * Running on http://192.168.16.220:5000/ (Press CTRL+C to quit)
2018-07-10 14:43:55,740=====+++++INFO++*****++ * Restarting with stat
2018-07-10 14:43:56,515=====+++++WARNING++*****++ * Debugger is active!
2018-07-10 14:43:56,520=====+++++INFO++*****++ * Debugger PIN: 159-674-044
2018-07-10 14:43:56,526=====+++++INFO++*****++ * Running on http://192.168.16.220:5000/ (Press CTRL+C to quit)
2018-07-10 14:44:37,611=====+++++WARNING++*****++ * Debugger is active!
2018-07-10 15:17:07,489=====+++++WARNING++*****++ * Debugger is active!
2018-07-10 15:19:08,250=====+++++WARNING++*****++ * Debugger is active!
2018-07-10 15:20:39,288=====+++++WARNING++*****++ * Debugger is active!
2018-08-13 16:56:52,437=====+++++WARNING++*****++ * Debugger is active!
2018-08-21 19:32:09,575=====+++++WARNING++*****++ * Debugger is active!
2018-08-21 19:50:17,723=====+++++WARNING++*****++ * Debugger is active!
2018-08-21 19:51:54,513=====+++++WARNING++*****++ * Debugger is active!
2018-08-21 19:55:05,296=====+++++WARNING++*****++ * Debugger is active!
2018-08-22 09:46:41,365=====+++++WARNING++*****++ * Debugger is active!
2018-08-22 09:58:30,115=====+++++WARNING++*****++ * Debugger is active!
2018-08-22 10:01:33,015=====+++++WARNING++*****++ * Debugger is active!
2018-08-22 10:02:37,388=====+++++WARNING++*****++ * Debugger is active!
2018-08-22 10:05:50,575=====+++++WARNING++*****++ * Debugger is active!
2018-08-22 10:24:47,220=====+++++WARNING++*****++ * Debugger is active!
2018-08-22 10:26:27,503=====+++++WARNING++*****++ * Debugger is active!
2018-08-22 10:49:25,855=====+++++WARNING++*****++ * Debugger is active!
2018-08-22 10:49:48,944=====+++++WARNING++*****++ * Debugger is active!
2018-08-22 10:49:52,374=====+++++WARNING++*****++ * Debugger is active!
2018-08-22 10:51:03,493=====+++++WARNING++*****++ * Debugger is active!
2018-08-22 10:51:29,963=====+++++WARNING++*****++ * Debugger is active!
2018-08-22 10:56:31,459=====+++++WARNING++*****++ * Debugger is active!
2018-08-22 11:03:32,855=====+++++WARNING++*****++ * Debugger is active!
2018-08-22 11:33:46,755=====+++++WARNING++*****++ * Debugger is active!
2018-08-22 11:35:38,733=====+++++WARNING++*****++ * Debugger is active!
2018-08-22 11:35:49,585=====+++++WARNING++*****++ * Debugger is active!
2018-08-22 15:46:33,796=====+++++WARNING++*****++ * Debugger is active!
2018-08-22 15:50:48,780=====+++++WARNING++*****++ * Debugger is active!
2018-08-22 16:31:52,773=====+++++WARNING++*****++ * Debugger is active!
2018-08-22 16:33:14,188=====+++++WARNING++*****++ * Debugger is active!
2018-08-22 16:34:24,078=====+++++WARNING++*****++ * Debugger is active!
2018-08-22 16:36:27,769=====+++++WARNING++*****++ * Debugger is active!
2018-08-22 16:39:14,553=====+++++WARNING++*****++ * Debugger is active!
2018-08-22 16:40:28,381=====+++++WARNING++*****++ * Debugger is active!
2018-08-22 16:42:41,474=====+++++WARNING++*****++ * Debugger is active!
2018-08-22 16:45:01,966=====+++++WARNING++*****++ * Debugger is active!
2018-08-22 16:45:51,431=====+++++WARNING++*****++ * Debugger is active!
2018-08-22 16:47:00,138=====+++++WARNING++*****++ * Debugger is active!
2018-08-22 19:09:56,282=====+++++WARNING++*****++ * Debugger is active!
2018-08-22 19:21:57,572=====+++++WARNING++*****++ * Debugger is active!
2018-08-22 19:25:25,522=====+++++WARNING++*****++ * Debugger is active!
2018-08-22 19:28:10,108=====+++++WARNING++*****++ * Debugger is active!
2018-08-22 23:25:49,512=====+++++WARNING++*****++ * Debugger is active!
2018-08-22 23:27:19,490=====+++++WARNING++*****++ * Debugger is active!
2018-08-22 23:27:41,401=====+++++WARNING++*****++ * Debugger is active!
2018-08-22 23:30:01,614=====+++++WARNING++*****++ * Debugger is active!
2018-08-22 23:35:56,148=====+++++WARNING++*****++ * Debugger is active!
2018-08-22 23:39:48,026=====+++++WARNING++*****++ * Debugger is active!
2018-08-22 23:41:57,056=====+++++WARNING++*****++ * Debugger is active!
2018-08-22 23:43:54,470=====+++++WARNING++*****++ * Debugger is active!
2018-08-22 23:44:42,983=====+++++WARNING++*****++ * Debugger is active!
2018-08-22 23:47:25,848=====+++++WARNING++*****++ * Debugger is active!
2018-08-22 23:47:55,019=====+++++WARNING++*****++ * Debugger is active!
2018-08-22 23:48:35,233=====+++++WARNING++*****++ * Debugger is active!
2018-08-22 23:49:49,596=====+++++WARNING++*****++ * Debugger is active!
2018-08-22 23:51:23,989=====+++++WARNING++*****++ * Debugger is active!
2018-08-23 00:13:56,759=====+++++WARNING++*****++ * Debugger is active!
2018-08-23 00:16:45,865=====+++++WARNING++*****++ * Debugger is active!
2018-08-23 09:31:53,513=====+++++WARNING++*****++ * Debugger is active!
2018-08-23 09:34:17,559=====+++++WARNING++*****++ * Debugger is active!
2018-08-23 09:34:21,013=====+++++WARNING++*****++ * Debugger is active!
2018-09-10 20:32:51,365=====+++++WARNING++*****++ * Debugger is active!
2018-11-30 15:55:48,914=====+++++WARNING++*****++ * Debugger is active!
2018-11-30 15:57:47,858=====+++++WARNING++*****++ * Debugger is active!
2018-12-05 11:44:22,573=====+++++WARNING++*****++ * Debugger is active!
2018-12-17 18:21:30,645=====+++++WARNING++*****++ * Debugger is active!
2018-12-17 18:26:38,028=====+++++WARNING++*****++ * Debugger is active!
2018-12-17 18:26:48,494=====+++++WARNING++*****++ * Debugger is active!
2018-12-17 18:32:09,789=====+++++WARNING++*****++ * Debugger is active!
2018-12-17 18:36:52,782=====+++++WARNING++*****++ * Debugger is active!
2018-12-17 18:39:24,651=====+++++WARNING++*****++ * Debugger is active!
2018-12-17 18:42:40,960=====+++++WARNING++*****++ * Debugger is active!
2018-12-17 18:45:27,848=====+++++WARNING++*****++ * Debugger is active!
2018-12-17 18:48:52,865=====+++++WARNING++*****++ * Debugger is active!
2018-12-17 18:50:38,479=====+++++WARNING++*****++ * Debugger is active!
2018-12-17 18:52:44,535=====+++++WARNING++*****++ * Debugger is active!
2018-12-17 18:56:17,973=====+++++WARNING++*****++ * Debugger is active!
2018-12-17 18:58:34,779=====+++++WARNING++*****++ * Debugger is active!
2018-12-17 18:59:31,671=====+++++WARNING++*****++ * Debugger is active!
2018-12-17 19:15:35,006=====+++++WARNING++*****++ * Debugger is active!
2018-12-17 19:17:39,321=====+++++WARNING++*****++ * Debugger is active!
2018-12-17 19:19:31,210=====+++++WARNING++*****++ * Debugger is active!
2018-12-17 19:20:14,832=====+++++WARNING++*****++ * Debugger is active!
2018-12-17 19:22:51,940=====+++++WARNING++*****++ * Debugger is active!
2018-12-17 19:26:14,838=====+++++WARNING++*****++ * Debugger is active!
2018-12-18 18:15:41,220=====+++++WARNING++*****++ * Debugger is active!
2018-12-18 18:16:38,747=====+++++WARNING++*****++ * Debugger is active!
2018-12-18 19:01:23,789=====+++++WARNING++*****++ * Debugger is active!
2018-12-21 12:37:33,923=====+++++WARNING++*****++ * Debugger is active!
2018-12-21 12:47:10,750=====+++++WARNING++*****++ * Debugger is active!
2018-12-21 12:52:03,378=====+++++WARNING++*****++ * Debugger is active!
2018-12-21 14:36:54,134=====+++++WARNING++*****++ * Debugger is active!
2018-12-27 17:41:30,227=====+++++WARNING++*****++ * Debugger is active!
2019-01-09 16:22:35,365=====+++++WARNING++*****++ * Debugger is active!
2019-01-09 16:35:00,733=====+++++WARNING++*****++ * Debugger is active!
2019-01-09 16:36:04,645=====+++++WARNING++*****++ * Debugger is active!
2019-01-09 16:36:27,487=====+++++WARNING++*****++ * Debugger is active!
2019-01-09 16:36:35,677=====+++++WARNING++*****++ * Debugger is active!
2019-01-09 16:37:03,049=====+++++WARNING++*****++ * Debugger is active!
2019-01-09 16:38:19,894=====+++++WARNING++*****++ * Debugger is active!
2019-01-09 16:39:11,483=====+++++WARNING++*****++ * Debugger is active!
2019-01-09 16:43:10,082=====+++++WARNING++*****++ * Debugger is active!
2019-01-09 16:52:17,661=====+++++WARNING++*****++ * Debugger is active!
2019-01-09 16:55:18,793=====+++++WARNING++*****++ * Debugger is active!
2019-01-09 16:58:51,575=====+++++WARNING++*****++ * Debugger is active!
2019-01-09 16:58:55,785=====+++++WARNING++*****++ * Debugger is active!
2019-01-09 17:12:19,438=====+++++WARNING++*****++ * Debugger is active!
2019-01-09 17:19:41,795=====+++++WARNING++*****++ * Debugger is active!
2019-01-09 17:22:55,674=====+++++WARNING++*****++ * Debugger is active!
2019-01-09 17:30:26,809=====+++++WARNING++*****++ * Debugger is active!
2019-01-09 17:32:33,380=====+++++WARNING++*****++ * Debugger is active!
2019-01-09 17:34:19,973=====+++++WARNING++*****++ * Debugger is active!
2019-01-09 17:34:34,358=====+++++WARNING++*****++ * Debugger is active!
2019-01-09 17:38:11,907=====+++++WARNING++*****++ * Debugger is active!
2019-01-09 17:40:58,134=====+++++WARNING++*****++ * Debugger is active!
2019-01-10 10:24:12,622=====+++++WARNING++*****++ * Debugger is active!
2019-01-10 10:25:19,752=====+++++WARNING++*****++ * Debugger is active!
2019-01-10 10:29:47,825=====+++++WARNING++*****++ * Debugger is active!
2019-01-10 10:30:16,348=====+++++WARNING++*****++ * Debugger is active!
2019-01-10 10:30:32,670=====+++++ERROR++*****++'is_cache'
2019-01-10 11:10:25,608=====+++++ERROR++*****++'is_cache'
2019-01-10 11:19:02,865=====+++++WARNING++*****++ * Debugger is active!
2019-01-10 11:33:13,164=====+++++WARNING++*****++ * Debugger is active!
2019-01-23 16:45:58,213=====+++++WARNING++*****++ * Debugger is active!
2019-01-23 17:08:57,931=====+++++WARNING++*****++ * Debugger is active!
2019-01-23 17:46:24,180=====+++++WARNING++*****++ * Debugger is active!
2019-01-23 17:56:44,246=====+++++WARNING++*****++ * Debugger is active!
2019-01-24 14:11:42,173=====+++++WARNING++*****++ * Debugger is active!
2019-01-24 15:34:12,099=====+++++WARNING++*****++ * Debugger is active!
2019-01-24 15:35:51,289=====+++++WARNING++*****++ * Debugger is active!
2019-01-24 15:37:10,283=====+++++WARNING++*****++ * Debugger is active!
2019-01-24 15:41:36,111=====+++++WARNING++*****++ * Debugger is active!
2019-01-24 15:42:52,536=====+++++WARNING++*****++ * Debugger is active!
2019-01-24 15:56:30,868=====+++++WARNING++*****++ * Debugger is active!
2019-01-24 15:59:32,368=====+++++WARNING++*****++ * Debugger is active!
2019-01-24 16:57:58,575=====+++++WARNING++*****++ * Debugger is active!
2019-01-24 17:00:41,553=====+++++WARNING++*****++ * Debugger is active!
2019-01-24 17:01:32,168=====+++++WARNING++*****++ * Debugger is active!
2019-01-24 17:02:01,842=====+++++WARNING++*****++ * Debugger is active!
2019-01-24 17:21:17,269=====+++++WARNING++*****++ * Debugger is active!
2019-02-26 14:50:57,755=====+++++WARNING++*****++ * Debugger is active!
2019-02-26 14:59:49,576=====+++++WARNING++*****++ * Debugger is active!
2019-02-26 15:00:05,299=====+++++WARNING++*****++ * Debugger is active!
2019-02-26 15:39:52,161=====+++++WARNING++*****++ * Debugger is active!
2019-02-26 15:41:19,221=====+++++WARNING++*****++ * Debugger is active!
2019-02-26 15:41:58,176=====+++++WARNING++*****++ * Debugger is active!
2019-02-26 15:42:19,487=====+++++WARNING++*****++ * Debugger is active!
2019-02-26 15:43:13,279=====+++++WARNING++*****++ * Debugger is active!
2019-02-26 15:43:43,348=====+++++WARNING++*****++ * Debugger is active!
2019-02-26 15:58:58,853=====+++++ERROR++*****++Error: Directory migrations already exists
2019-02-27 11:17:08,335=====+++++WARNING++*****++ * Debugger is active!
2019-02-27 11:18:34,713=====+++++WARNING++*****++ * Debugger is active!
2019-02-27 11:18:51,069=====+++++WARNING++*****++ * Debugger is active!
2019-03-01 14:19:17,492=====+++++WARNING++*****++ * Debugger is active!
2019-03-01 15:50:11,920=====+++++WARNING++*****++ * Debugger is active!
2019-03-08 11:11:07,349=====+++++WARNING++*****++ * Debugger is active!
2019-03-08 15:11:57,917=====+++++WARNING++*****++ * Debugger is active!
2019-03-08 15:35:43,681=====+++++WARNING++*****++ * Debugger is active!
2019-03-08 15:35:58,582=====+++++WARNING++*****++ * Debugger is active!
2019-03-08 15:57:55,869=====+++++WARNING++*****++ * Debugger is active!
2019-03-08 18:36:23,375=====+++++ERROR++*****++'is_cache'
2019-03-08 18:40:22,678=====+++++ERROR++*****++'is_cache'
2019-03-11 13:56:07,421=====+++++WARNING++*****++ * Debugger is active!
2019-03-11 13:56:39,140=====+++++ERROR++*****++'is_cache'
2019-03-11 13:57:02,812=====+++++ERROR++*****++'is_cache'
2019-03-11 14:42:12,058=====+++++WARNING++*****++ * Debugger is active!
2019-03-11 14:42:43,688=====+++++ERROR++*****++'is_cache'
2019-03-11 14:43:30,798=====+++++ERROR++*****++'is_cache'
2019-03-14 10:35:57,773=====+++++WARNING++*****++ * Debugger is active!
2019-03-14 17:32:15,780=====+++++WARNING++*****++ * Debugger is active!
2019-03-14 17:34:52,983=====+++++ERROR++*****++'is_cache'
2019-03-14 17:50:46,164=====+++++WARNING++*****++ * Debugger is active!
2019-03-14 17:52:45,556=====+++++ERROR++*****++'is_cache'
2019-03-14 17:53:11,171=====+++++WARNING++*****++ * Debugger is active!
2019-03-14 17:54:39,753=====+++++ERROR++*****++'is_cache'
2019-03-14 18:02:03,678=====+++++ERROR++*****++'is_cache'
2019-03-14 18:02:55,816=====+++++WARNING++*****++ * Debugger is active!
2019-03-14 18:13:03,657=====+++++WARNING++*****++ * Debugger is active!
2019-03-14 18:21:09,811=====+++++ERROR++*****++'is_cache'
2019-03-15 15:45:57,609=====+++++WARNING++*****++ * Debugger is active!
2019-03-15 15:47:31,780=====+++++ERROR++*****++'is_cache'
2019-03-15 15:50:40,144=====+++++WARNING++*****++ * Debugger is active!
2019-03-15 15:51:00,877=====+++++WARNING++*****++ * Debugger is active!
2019-03-15 16:26:20,421=====+++++WARNING++*****++ * Debugger is active!
2019-03-15 16:27:55,042=====+++++WARNING++*****++ * Debugger is active!
2019-04-08 10:08:08,198=====+++++WARNING++*****++ * Debugger is active!
2019-04-08 10:25:34,318=====+++++WARNING++*****++ * Debugger is active!
2019-04-08 10:29:47,463=====+++++WARNING++*****++ * Debugger is active!
2019-04-08 10:43:32,434=====+++++WARNING++*****++ * Debugger is active!
2019-04-08 10:44:35,788=====+++++WARNING++*****++ * Debugger is active!
2019-04-08 10:59:01,953=====+++++WARNING++*****++ * Debugger is active!
2019-04-08 11:05:07,993=====+++++WARNING++*****++ * Debugger is active!
2019-04-08 11:15:01,868=====+++++WARNING++*****++ * Debugger is active!
2019-04-08 11:16:38,374=====+++++WARNING++*****++ * Debugger is active!
2019-04-08 11:21:13,825=====+++++WARNING++*****++ * Debugger is active!
2019-04-08 11:21:15,183=====+++++ERROR++*****++'is_cache'
2019-04-08 11:21:15,865=====+++++ERROR++*****++(_mysql_exceptions.OperationalError) (1051, "Unknown table 'test.test_diaozi'") [SQL: u'\nDROP TABLE test_diaozi'] (Background on this error at: http://sqlalche.me/e/e3q8)
2019-04-08 11:23:43,917=====+++++WARNING++*****++ * Debugger is active!
2019-04-08 11:27:37,838=====+++++WARNING++*****++ * Debugger is active!
2019-04-08 15:32:05,533=====+++++WARNING++*****++ * Debugger is active!
2019-04-08 15:32:11,641=====+++++WARNING++*****++ * Debugger is active!
2019-04-11 10:52:20,016=====+++++WARNING++*****++ * Debugger is active!
2019-04-11 14:32:37,335=====+++++WARNING++*****++ * Debugger is active!
2019-04-11 14:34:00,684=====+++++WARNING++*****++ * Debugger is active!
2019-04-11 14:40:37,316=====+++++WARNING++*****++ * Debugger is active!
2019-04-11 14:40:59,045=====+++++WARNING++*****++ * Debugger is active!
2019-04-11 14:41:02,539=====+++++WARNING++*****++ * Debugger is active!
2019-04-11 14:44:57,417=====+++++WARNING++*****++ * Debugger is active!
2019-04-11 14:46:29,900=====+++++WARNING++*****++ * Debugger is active!
2019-04-11 14:47:08,200=====+++++WARNING++*****++ * Debugger is active!
2019-04-11 14:47:53,315=====+++++WARNING++*****++ * Debugger is active!
2019-04-11 14:48:31,431=====+++++WARNING++*****++ * Debugger is active!
2019-04-11 14:49:56,482=====+++++WARNING++*****++ * Debugger is active!
2019-04-11 14:50:52,801=====+++++WARNING++*****++ * Debugger is active!
2019-04-11 14:52:37,621=====+++++WARNING++*****++ * Debugger is active!
2019-04-11 14:53:39,851=====+++++WARNING++*****++ * Debugger is active!
2019-04-11 14:56:26,812=====+++++WARNING++*****++ * Debugger is active!
2019-04-11 14:57:56,993=====+++++WARNING++*****++ * Debugger is active!
2019-04-11 15:00:40,153=====+++++WARNING++*****++ * Debugger is active!
2019-04-11 15:00:56,115=====+++++WARNING++*****++ * Debugger is active!
2019-04-11 15:01:42,556=====+++++WARNING++*****++ * Debugger is active!
2019-04-11 15:02:52,782=====+++++WARNING++*****++ * Debugger is active!
2019-04-11 15:06:39,631=====+++++WARNING++*****++ * Debugger is active!
2019-04-11 15:10:43,464=====+++++WARNING++*****++ * Debugger is active!
2019-04-11 15:13:27,618=====+++++WARNING++*****++ * Debugger is active!
2019-04-11 15:14:25,601=====+++++WARNING++*****++ * Debugger is active!
2019-04-11 15:16:27,131=====+++++WARNING++*****++ * Debugger is active!
2019-04-11 15:17:13,119=====+++++WARNING++*****++ * Debugger is active!
2019-04-11 15:17:31,009=====+++++WARNING++*****++ * Debugger is active!
2019-04-11 15:31:35,559=====+++++WARNING++*****++ * Debugger is active!
2019-04-11 16:22:45,203=====+++++WARNING++*****++ * Debugger is active!
2019-04-11 16:23:23,345=====+++++WARNING++*****++ * Debugger is active!
2019-04-11 16:35:55,828=====+++++WARNING++*****++ * Debugger is active!
2019-04-11 16:37:01,474=====+++++WARNING++*****++ * Debugger is active!
2019-04-11 16:37:53,131=====+++++WARNING++*****++ * Debugger is active!
2019-04-11 16:40:03,055=====+++++WARNING++*****++ * Debugger is active!
2019-04-11 16:42:14,892=====+++++WARNING++*****++ * Debugger is active!
2019-04-11 16:46:26,234=====+++++WARNING++*****++ * Debugger is active!
2019-04-11 16:48:32,052=====+++++WARNING++*****++ * Debugger is active!
2019-04-11 16:49:22,558=====+++++WARNING++*****++ * Debugger is active!
2019-04-11 16:51:26,746=====+++++WARNING++*****++ * Debugger is active!
2019-04-11 16:53:35,696=====+++++WARNING++*****++ * Debugger is active!
2019-04-11 16:54:15,857=====+++++WARNING++*****++ * Debugger is active!
2019-04-11 17:11:57,450=====+++++WARNING++*****++ * Debugger is active!
2019-04-11 17:12:24,990=====+++++WARNING++*****++ * Debugger is active!
2019-04-11 17:13:29,095=====+++++WARNING++*****++ * Debugger is active!
2019-04-12 15:20:37,093=====+++++ERROR++*****++Error: Directory migrations already exists
2019-04-12 15:49:37,154=====+++++ERROR++*****++Error: Directory migrations already exists
